<?xml version="1.0" encoding="UTF-8"?>
<!-- Generated by org.testng.reporters.JUnitReportReporter -->
<testsuite skipped="0" hostname="LGDN18-1209-W10" name="Test.TC01" tests="1" failures="0" timestamp="27 Dec 2019 09:14:19 GMT" time="2.035" errors="0">
  <testcase name="f" time="2.035" classname="Test.TC01"/>
</testsuite> <!-- Test.TC01 -->
